<?xml version="1.0" encoding="UTF-8"?>
<!-- Generated by org.testng.reporters.JUnitReportReporter -->
<testsuite hostname="Simas-MBP.lan" failures="0" tests="1" name="step_definitions.Runnertest" time="29.539" errors="0" timestamp="2024-07-08T22:36:29 EDT" skipped="0">
  <testcase classname="step_definitions.Runnertest" name="runScenario" time="29.539"/>
  <system-out/>
</testsuite> <!-- step_definitions.Runnertest -->
